{"contracts/Raffle.sol":{"l":{"60":3,"61":3,"62":3,"63":3,"64":3,"65":3,"66":3,"67":3,"71":5,"72":1,"74":4,"75":1,"77":3,"78":3,"100":1,"101":1,"102":1,"103":1,"104":1,"112":1,"113":1,"114":0,"116":1,"117":1,"124":1,"132":0,"133":0,"134":0,"135":0,"136":0,"137":0,"138":0,"139":0,"140":0,"141":0,"143":0,"148":5,"152":1,"156":0,"160":1,"164":0,"168":0,"172":0,"176":0,"180":6},"path":"/Users/connorlane/Desktop/Code/Solidity/lottery/contracts/Raffle.sol","s":{"1":5,"2":4,"3":3,"4":3,"5":1,"6":1,"7":1,"8":1,"9":1,"10":1,"11":1,"12":1,"13":0,"14":0,"15":0,"16":0,"17":0,"18":0,"19":5,"20":1,"21":0,"22":1,"23":0,"24":0,"25":0,"26":0,"27":6},"b":{"1":[1,4],"2":[1,3],"3":[0,1],"4":[0,0]},"f":{"1":3,"2":5,"3":1,"4":1,"5":0,"6":5,"7":1,"8":0,"9":1,"10":0,"11":0,"12":0,"13":0,"14":6},"fnMap":{"1":{"name":"constructor","line":59,"loc":{"start":{"line":52,"column":4},"end":{"line":68,"column":4}}},"2":{"name":"enterRaffle","line":70,"loc":{"start":{"line":70,"column":4},"end":{"line":79,"column":4}}},"3":{"name":"checkUpkeep","line":91,"loc":{"start":{"line":91,"column":4},"end":{"line":105,"column":8}}},"4":{"name":"performUpkeep","line":108,"loc":{"start":{"line":108,"column":4},"end":{"line":125,"column":4}}},"5":{"name":"fulfillRandomWords","line":128,"loc":{"start":{"line":128,"column":4},"end":{"line":144,"column":4}}},"6":{"name":"getEntranceFee","line":147,"loc":{"start":{"line":147,"column":4},"end":{"line":149,"column":4}}},"7":{"name":"getPlayers","line":151,"loc":{"start":{"line":151,"column":4},"end":{"line":153,"column":4}}},"8":{"name":"getRecentWinner","line":155,"loc":{"start":{"line":155,"column":4},"end":{"line":157,"column":4}}},"9":{"name":"getRaffleState","line":159,"loc":{"start":{"line":159,"column":4},"end":{"line":161,"column":4}}},"10":{"name":"getNumWords","line":163,"loc":{"start":{"line":163,"column":4},"end":{"line":165,"column":4}}},"11":{"name":"getNumberOfPlayers","line":167,"loc":{"start":{"line":167,"column":4},"end":{"line":169,"column":4}}},"12":{"name":"getLatestTimeStamp","line":171,"loc":{"start":{"line":171,"column":4},"end":{"line":173,"column":4}}},"13":{"name":"getRequestConfirmations","line":175,"loc":{"start":{"line":175,"column":4},"end":{"line":177,"column":4}}},"14":{"name":"getInterval","line":179,"loc":{"start":{"line":179,"column":4},"end":{"line":181,"column":4}}}},"statementMap":{"1":{"start":{"line":71,"column":8},"end":{"line":71,"column":2286}},"2":{"start":{"line":74,"column":8},"end":{"line":74,"column":2386}},"3":{"start":{"line":77,"column":8},"end":{"line":77,"column":42}},"4":{"start":{"line":78,"column":8},"end":{"line":78,"column":36}},"5":{"start":{"line":100,"column":8},"end":{"line":100,"column":57}},"6":{"start":{"line":101,"column":8},"end":{"line":101,"column":76}},"7":{"start":{"line":102,"column":8},"end":{"line":102,"column":48}},"8":{"start":{"line":103,"column":8},"end":{"line":103,"column":53}},"9":{"start":{"line":112,"column":8},"end":{"line":112,"column":46}},"10":{"start":{"line":113,"column":8},"end":{"line":113,"column":3732}},"11":{"start":{"line":117,"column":8},"end":{"line":117,"column":3929}},"12":{"start":{"line":124,"column":8},"end":{"line":124,"column":45}},"13":{"start":{"line":132,"column":8},"end":{"line":132,"column":65}},"14":{"start":{"line":133,"column":8},"end":{"line":133,"column":63}},"15":{"start":{"line":138,"column":8},"end":{"line":138,"column":101}},"16":{"start":{"line":139,"column":8},"end":{"line":139,"column":78}},"17":{"start":{"line":140,"column":8},"end":{"line":140,"column":4837}},"18":{"start":{"line":143,"column":8},"end":{"line":143,"column":39}},"19":{"start":{"line":148,"column":8},"end":{"line":148,"column":28}},"20":{"start":{"line":152,"column":8},"end":{"line":152,"column":31}},"21":{"start":{"line":156,"column":8},"end":{"line":156,"column":29}},"22":{"start":{"line":160,"column":8},"end":{"line":160,"column":28}},"23":{"start":{"line":164,"column":8},"end":{"line":164,"column":24}},"24":{"start":{"line":168,"column":8},"end":{"line":168,"column":31}},"25":{"start":{"line":172,"column":8},"end":{"line":172,"column":30}},"26":{"start":{"line":176,"column":8},"end":{"line":176,"column":36}},"27":{"start":{"line":180,"column":8},"end":{"line":180,"column":25}}},"branchMap":{"1":{"line":71,"type":"if","locations":[{"start":{"line":71,"column":8},"end":{"line":71,"column":8}},{"start":{"line":71,"column":8},"end":{"line":71,"column":8}}]},"2":{"line":74,"type":"if","locations":[{"start":{"line":74,"column":8},"end":{"line":74,"column":8}},{"start":{"line":74,"column":8},"end":{"line":74,"column":8}}]},"3":{"line":113,"type":"if","locations":[{"start":{"line":113,"column":8},"end":{"line":113,"column":8}},{"start":{"line":113,"column":8},"end":{"line":113,"column":8}}]},"4":{"line":140,"type":"if","locations":[{"start":{"line":140,"column":8},"end":{"line":140,"column":8}},{"start":{"line":140,"column":8},"end":{"line":140,"column":8}}]}}},"contracts/test/VRFCoordinatorV2Mock.sol":{"l":{},"path":"/Users/connorlane/Desktop/Code/Solidity/lottery/contracts/test/VRFCoordinatorV2Mock.sol","s":{},"b":{},"f":{},"fnMap":{},"statementMap":{},"branchMap":{}}}