TN:
SF:/Users/connorlane/Desktop/Code/Solidity/lottery/contracts/Raffle.sol
FN:59,constructor
FN:70,enterRaffle
FN:91,checkUpkeep
FN:108,performUpkeep
FN:128,fulfillRandomWords
FN:147,getEntranceFee
FN:151,getPlayers
FN:155,getRecentWinner
FN:159,getRaffleState
FN:163,getNumWords
FN:167,getNumberOfPlayers
FN:171,getLatestTimeStamp
FN:175,getRequestConfirmations
FN:179,getInterval
FNF:14
FNH:8
FNDA:3,constructor
FNDA:5,enterRaffle
FNDA:1,checkUpkeep
FNDA:1,performUpkeep
FNDA:0,fulfillRandomWords
FNDA:5,getEntranceFee
FNDA:1,getPlayers
FNDA:0,getRecentWinner
FNDA:1,getRaffleState
FNDA:0,getNumWords
FNDA:0,getNumberOfPlayers
FNDA:0,getLatestTimeStamp
FNDA:0,getRequestConfirmations
FNDA:6,getInterval
DA:60,3
DA:61,3
DA:62,3
DA:63,3
DA:64,3
DA:65,3
DA:66,3
DA:67,3
DA:71,5
DA:72,1
DA:74,4
DA:75,1
DA:77,3
DA:78,3
DA:100,1
DA:101,1
DA:102,1
DA:103,1
DA:104,1
DA:112,1
DA:113,1
DA:114,0
DA:116,1
DA:117,1
DA:124,1
DA:132,0
DA:133,0
DA:134,0
DA:135,0
DA:136,0
DA:137,0
DA:138,0
DA:139,0
DA:140,0
DA:141,0
DA:143,0
DA:148,5
DA:152,1
DA:156,0
DA:160,1
DA:164,0
DA:168,0
DA:172,0
DA:176,0
DA:180,6
LF:45
LH:28
BRDA:71,1,0,1
BRDA:71,1,1,4
BRDA:74,2,0,1
BRDA:74,2,1,3
BRDA:113,3,0,0
BRDA:113,3,1,1
BRDA:140,4,0,0
BRDA:140,4,1,0
BRF:8
BRH:5
end_of_record
TN:
SF:/Users/connorlane/Desktop/Code/Solidity/lottery/contracts/test/VRFCoordinatorV2Mock.sol
FNF:0
FNH:0
LF:0
LH:0
BRF:0
BRH:0
end_of_record
